# JRE version: Java(TM) SE Runtime Environment (8.0_91-b15) (build 1.8.0_91-b15)
# Java VM: Java HotSpot(TM) 64-Bit Server VM (25.91-b15 mixed mode windows-amd64 compressed oops)
Heap:
 PSYoungGen      total 212992K, used 170098K [0x0000000740400000, 0x000000074e400000, 0x00000007c0000000)
  eden space 196608K, 84% used [0x0000000740400000,0x000000074a5acab0,0x000000074c400000)
  from space 16384K, 27% used [0x000000074d400000,0x000000074d870010,0x000000074e400000)
  to   space 16384K, 0% used [0x000000074c400000,0x000000074c400000,0x000000074d400000)
 ParOldGen       total 262144K, used 54814K [0x0000000640c00000, 0x0000000650c00000, 0x0000000740400000)
  object space 262144K, 20% used [0x0000000640c00000,0x0000000644187960,0x0000000650c00000)
 Metaspace       used 13718K, capacity 13866K, committed 14208K, reserved 1060864K
  class space    used 1722K, capacity 1801K, committed 1920K, reserved 1048576K
GC Heap History (10 events):
Event: 5.419 GC heap before
{Heap before GC invocations=8 (full 0):
 PSYoungGen      total 212992K, used 209912K [0x0000000740400000, 0x000000074e400000, 0x00000007c0000000)
  eden space 196608K, 100% used [0x0000000740400000,0x000000074c400000,0x000000074c400000)
  from space 16384K, 81% used [0x000000074c400000,0x000000074d0fe218,0x000000074d400000)
  to   space 16384K, 0% used [0x000000074d400000,0x000000074d400000,0x000000074e400000)
 ParOldGen       total 262144K, used 24790K [0x0000000640c00000, 0x0000000650c00000, 0x0000000740400000)
  object space 262144K, 9% used [0x0000000640c00000,0x0000000642435af0,0x0000000650c00000)
 Metaspace       used 13714K, capacity 13866K, committed 14208K, reserved 1060864K
  class space    used 1722K, capacity 1801K, committed 1920K, reserved 1048576K
Event: 5.433 GC heap after
Heap after GC invocations=8 (full 0):
 PSYoungGen      total 212992K, used 11552K [0x0000000740400000, 0x000000074e400000, 0x00000007c0000000)
  eden space 196608K, 0% used [0x0000000740400000,0x0000000740400000,0x000000074c400000)
  from space 16384K, 70% used [0x000000074d400000,0x000000074df48030,0x000000074e400000)
  to   space 16384K, 0% used [0x000000074c400000,0x000000074c400000,0x000000074d400000)
 ParOldGen       total 262144K, used 30902K [0x0000000640c00000, 0x0000000650c00000, 0x0000000740400000)
  object space 262144K, 11% used [0x0000000640c00000,0x0000000642a2d930,0x0000000650c00000)
 Metaspace       used 13714K, capacity 13866K, committed 14208K, reserved 1060864K
  class space    used 1722K, capacity 1801K, committed 1920K, reserved 1048576K
}
Event: 5.999 GC heap before
{Heap before GC invocations=9 (full 0):
 PSYoungGen      total 212992K, used 208160K [0x0000000740400000, 0x000000074e400000, 0x00000007c0000000)
  eden space 196608K, 100% used [0x0000000740400000,0x000000074c400000,0x000000074c400000)
  from space 16384K, 70% used [0x000000074d400000,0x000000074df48030,0x000000074e400000)
  to   space 16384K, 0% used [0x000000074c400000,0x000000074c400000,0x000000074d400000)
 ParOldGen       total 262144K, used 30902K [0x0000000640c00000, 0x0000000650c00000, 0x0000000740400000)
  object space 262144K, 11% used [0x0000000640c00000,0x0000000642a2d930,0x0000000650c00000)
 Metaspace       used 13714K, capacity 13866K, committed 14208K, reserved 1060864K
  class space    used 1722K, capacity 1801K, committed 1920K, reserved 1048576K
Event: 6.010 GC heap after
Heap after GC invocations=9 (full 0):
 PSYoungGen      total 212992K, used 13088K [0x0000000740400000, 0x000000074e400000, 0x00000007c0000000)
  eden space 196608K, 0% used [0x0000000740400000,0x0000000740400000,0x000000074c400000)
  from space 16384K, 79% used [0x000000074c400000,0x000000074d0c8030,0x000000074d400000)
  to   space 16384K, 0% used [0x000000074d400000,0x000000074d400000,0x000000074e400000)
 ParOldGen       total 262144K, used 33670K [0x0000000640c00000, 0x0000000650c00000, 0x0000000740400000)
  object space 262144K, 12% used [0x0000000640c00000,0x0000000642ce1930,0x0000000650c00000)
 Metaspace       used 13714K, capacity 13866K, committed 14208K, reserved 1060864K
  class space    used 1722K, capacity 1801K, committed 1920K, reserved 1048576K
}
Event: 6.557 GC heap before
{Heap before GC invocations=10 (full 0):
 PSYoungGen      total 212992K, used 209696K [0x0000000740400000, 0x000000074e400000, 0x00000007c0000000)
  eden space 196608K, 100% used [0x0000000740400000,0x000000074c400000,0x000000074c400000)
  from space 16384K, 79% used [0x000000074c400000,0x000000074d0c8030,0x000000074d400000)
  to   space 16384K, 0% used [0x000000074d400000,0x000000074d400000,0x000000074e400000)
 ParOldGen       total 262144K, used 33670K [0x0000000640c00000, 0x0000000650c00000, 0x0000000740400000)
  object space 262144K, 12% used [0x0000000640c00000,0x0000000642ce1930,0x0000000650c00000)
 Metaspace       used 13714K, capacity 13866K, committed 14208K, reserved 1060864K
  class space    used 1722K, capacity 1801K, committed 1920K, reserved 1048576K
Event: 6.569 GC heap after
Heap after GC invocations=10 (full 0):
 PSYoungGen      total 212992K, used 8864K [0x0000000740400000, 0x000000074e400000, 0x00000007c0000000)
  eden space 196608K, 0% used [0x0000000740400000,0x0000000740400000,0x000000074c400000)
  from space 16384K, 54% used [0x000000074d400000,0x000000074dca8020,0x000000074e400000)
  to   space 16384K, 0% used [0x000000074c400000,0x000000074c400000,0x000000074d400000)
 ParOldGen       total 262144K, used 42086K [0x0000000640c00000, 0x0000000650c00000, 0x0000000740400000)
  object space 262144K, 16% used [0x0000000640c00000,0x0000000643519940,0x0000000650c00000)
 Metaspace       used 13714K, capacity 13866K, committed 14208K, reserved 1060864K
  class space    used 1722K, capacity 1801K, committed 1920K, reserved 1048576K
}
Event: 7.115 GC heap before
{Heap before GC invocations=11 (full 0):
 PSYoungGen      total 212992K, used 205472K [0x0000000740400000, 0x000000074e400000, 0x00000007c0000000)
  eden space 196608K, 100% used [0x0000000740400000,0x000000074c400000,0x000000074c400000)
  from space 16384K, 54% used [0x000000074d400000,0x000000074dca8020,0x000000074e400000)
  to   space 16384K, 0% used [0x000000074c400000,0x000000074c400000,0x000000074d400000)
 ParOldGen       total 262144K, used 42086K [0x0000000640c00000, 0x0000000650c00000, 0x0000000740400000)
  object space 262144K, 16% used [0x0000000640c00000,0x0000000643519940,0x0000000650c00000)
 Metaspace       used 13718K, capacity 13866K, committed 14208K, reserved 1060864K
  class space    used 1722K, capacity 1801K, committed 1920K, reserved 1048576K
Event: 7.126 GC heap after
Heap after GC invocations=11 (full 0):
 PSYoungGen      total 212992K, used 4032K [0x0000000740400000, 0x000000074e400000, 0x00000007c0000000)
  eden space 196608K, 0% used [0x0000000740400000,0x0000000740400000,0x000000074c400000)
  from space 16384K, 24% used [0x000000074c400000,0x000000074c7f0000,0x000000074d400000)
  to   space 16384K, 0% used [0x000000074d400000,0x000000074d400000,0x000000074e400000)
 ParOldGen       total 262144K, used 50894K [0x0000000640c00000, 0x0000000650c00000, 0x0000000740400000)
  object space 262144K, 19% used [0x0000000640c00000,0x0000000643db3960,0x0000000650c00000)
 Metaspace       used 13718K, capacity 13866K, committed 14208K, reserved 1060864K
  class space    used 1722K, capacity 1801K, committed 1920K, reserved 1048576K
}
Event: 7.673 GC heap before
{Heap before GC invocations=12 (full 0):
 PSYoungGen      total 212992K, used 200640K [0x0000000740400000, 0x000000074e400000, 0x00000007c0000000)
  eden space 196608K, 100% used [0x0000000740400000,0x000000074c400000,0x000000074c400000)
  from space 16384K, 24% used [0x000000074c400000,0x000000074c7f0000,0x000000074d400000)
  to   space 16384K, 0% used [0x000000074d400000,0x000000074d400000,0x000000074e400000)
 ParOldGen       total 262144K, used 50894K [0x0000000640c00000, 0x0000000650c00000, 0x0000000740400000)
  object space 262144K, 19% used [0x0000000640c00000,0x0000000643db3960,0x0000000650c00000)
 Metaspace       used 13718K, capacity 13866K, committed 14208K, reserved 1060864K
  class space    used 1722K, capacity 1801K, committed 1920K, reserved 1048576K
Event: 7.682 GC heap after
Heap after GC invocations=12 (full 0):
 PSYoungGen      total 212992K, used 4544K [0x0000000740400000, 0x000000074e400000, 0x00000007c0000000)
  eden space 196608K, 0% used [0x0000000740400000,0x0000000740400000,0x000000074c400000)
  from space 16384K, 27% used [0x000000074d400000,0x000000074d870010,0x000000074e400000)
  to   space 16384K, 0% used [0x000000074c400000,0x000000074c400000,0x000000074d400000)
 ParOldGen       total 262144K, used 54814K [0x0000000640c00000, 0x0000000650c00000, 0x0000000740400000)
  object space 262144K, 20% used [0x0000000640c00000,0x0000000644187960,0x0000000650c00000)
 Metaspace       used 13718K, capacity 13866K, committed 14208K, reserved 1060864K
  class space    used 1722K, capacity 1801K, committed 1920K, reserved 1048576K
}

